[0.047s] Invoking command in '/workspaces/template_ws/workspace_1/build/ros2_template_pkg': AMENT_PREFIX_PATH=/workspaces/template_ws/workspace_1/install/ros2_interfaces:${AMENT_PREFIX_PATH} CMAKE_PREFIX_PATH=/workspaces/template_ws/workspace_1/install/ros2_interfaces:/opt/ros/humble LD_LIBRARY_PATH=/workspaces/template_ws/workspace_1/install/ros2_interfaces/lib:${LD_LIBRARY_PATH} PYTHONPATH=/workspaces/template_ws/workspace_1/install/ros2_interfaces/local/lib/python3.10/dist-packages:${PYTHONPATH} /usr/bin/cmake /workspaces/template_ws/workspace_1/ros2_template_pkg -DCMAKE_INSTALL_PREFIX=/workspaces/template_ws/workspace_1/install/ros2_template_pkg
[0.056s] -- Found ament_cmake: 1.3.5 (/opt/ros/humble/share/ament_cmake/cmake)
[0.151s] -- Found rclcpp: 16.0.6 (/opt/ros/humble/share/rclcpp/cmake)
[0.171s] -- Found rosidl_generator_c: 3.1.5 (/opt/ros/humble/share/rosidl_generator_c/cmake)
[0.172s] -- Found rosidl_adapter: 3.1.5 (/opt/ros/humble/share/rosidl_adapter/cmake)
[0.176s] -- Found rosidl_generator_cpp: 3.1.5 (/opt/ros/humble/share/rosidl_generator_cpp/cmake)
[0.184s] -- Using all available rosidl_typesupport_c: rosidl_typesupport_fastrtps_c;rosidl_typesupport_introspection_c
[0.194s] -- Using all available rosidl_typesupport_cpp: rosidl_typesupport_fastrtps_cpp;rosidl_typesupport_introspection_cpp
[0.234s] -- Found rmw_implementation_cmake: 6.1.1 (/opt/ros/humble/share/rmw_implementation_cmake/cmake)
[0.235s] -- Found rmw_fastrtps_cpp: 6.2.4 (/opt/ros/humble/share/rmw_fastrtps_cpp/cmake)
[0.326s] -- Using RMW implementation 'rmw_fastrtps_cpp' as default
[0.430s] -- Found rclcpp_action: 16.0.6 (/opt/ros/humble/share/rclcpp_action/cmake)
[0.490s] -- Found ros2_interfaces: 0.0.0 (/workspaces/template_ws/workspace_1/install/ros2_interfaces/share/ros2_interfaces/cmake)
[0.527s] -- Found ament_cmake_copyright: 0.12.8 (/opt/ros/humble/share/ament_cmake_copyright/cmake)
[0.527s] -- Found ament_cmake_cpplint: 0.12.8 (/opt/ros/humble/share/ament_cmake_cpplint/cmake)
[0.528s] -- Found ament_cmake_cppcheck: 0.12.8 (/opt/ros/humble/share/ament_cmake_cppcheck/cmake)
[0.528s] -- Found ament_cmake_lint_cmake: 0.12.8 (/opt/ros/humble/share/ament_cmake_lint_cmake/cmake)
[0.529s] -- Found ament_cmake_xmllint: 0.12.8 (/opt/ros/humble/share/ament_cmake_xmllint/cmake)
[0.529s] -- Found ament_cmake_uncrustify: 0.12.8 (/opt/ros/humble/share/ament_cmake_uncrustify/cmake)
[0.571s] -- Configuring done
[0.590s] -- Generating done
[0.591s] -- Build files have been written to: /workspaces/template_ws/workspace_1/build/ros2_template_pkg
[0.597s] Invoked command in '/workspaces/template_ws/workspace_1/build/ros2_template_pkg' returned '0': AMENT_PREFIX_PATH=/workspaces/template_ws/workspace_1/install/ros2_interfaces:${AMENT_PREFIX_PATH} CMAKE_PREFIX_PATH=/workspaces/template_ws/workspace_1/install/ros2_interfaces:/opt/ros/humble LD_LIBRARY_PATH=/workspaces/template_ws/workspace_1/install/ros2_interfaces/lib:${LD_LIBRARY_PATH} PYTHONPATH=/workspaces/template_ws/workspace_1/install/ros2_interfaces/local/lib/python3.10/dist-packages:${PYTHONPATH} /usr/bin/cmake /workspaces/template_ws/workspace_1/ros2_template_pkg -DCMAKE_INSTALL_PREFIX=/workspaces/template_ws/workspace_1/install/ros2_template_pkg
[0.599s] Invoking command in '/workspaces/template_ws/workspace_1/build/ros2_template_pkg': AMENT_PREFIX_PATH=/workspaces/template_ws/workspace_1/install/ros2_interfaces:${AMENT_PREFIX_PATH} CMAKE_PREFIX_PATH=/workspaces/template_ws/workspace_1/install/ros2_interfaces:/opt/ros/humble LD_LIBRARY_PATH=/workspaces/template_ws/workspace_1/install/ros2_interfaces/lib:${LD_LIBRARY_PATH} PYTHONPATH=/workspaces/template_ws/workspace_1/install/ros2_interfaces/local/lib/python3.10/dist-packages:${PYTHONPATH} /usr/bin/cmake --build /workspaces/template_ws/workspace_1/build/ros2_template_pkg -- -j16 -l16
[0.635s] [ 27%] [32mBuilding CXX object CMakeFiles/service_client.dir/src/some_service_client_node.cpp.o[0m
[0.636s] [ 27%] [32mBuilding CXX object CMakeFiles/talker.dir/src/talker_node.cpp.o[0m
[0.636s] [ 27%] [32mBuilding CXX object CMakeFiles/action_client.dir/src/fibonaaci_action_client_node.cpp.o[0m
[0.636s] [ 27%] [32mBuilding CXX object CMakeFiles/service_server.dir/src/some_service_server_node.cpp.o[0m
[0.636s] [ 27%] [32mBuilding CXX object CMakeFiles/action_server.dir/src/fibonaaci_action_server_node.cpp.o[0m
[0.636s] [ 33%] [32mBuilding CXX object CMakeFiles/ros2_template_node.dir/src/ros2_template_node.cpp.o[0m
[0.636s] [ 44%] [32mBuilding CXX object CMakeFiles/parameters.dir/src/parameters_node.cpp.o[0m
[0.636s] [ 44%] [32mBuilding CXX object CMakeFiles/listener.dir/src/listener_node.cpp.o[0m
[0.637s] [ 50%] [32mBuilding CXX object CMakeFiles/timer.dir/src/timer_node.cpp.o[0m
[0.697s] [01m[K/workspaces/template_ws/workspace_1/ros2_template_pkg/src/fibonaaci_action_server_node.cpp:34:10:[m[K [01;31m[Kfatal error: [m[Kacfr_ros2_interfaces/action/fibonacci.hpp: No such file or directory
[0.697s]    34 | #include [01;31m[K"acfr_ros2_interfaces/action/fibonacci.hpp"[m[K
[0.697s]       |          [01;31m[K^~~~~~~~~~~~~~~~~~~~~~~~~~~~~~~~~~~~~~~~~~~[m[K
[0.697s] compilation terminated.
[0.699s] gmake[2]: *** [CMakeFiles/action_server.dir/build.make:76: CMakeFiles/action_server.dir/src/fibonaaci_action_server_node.cpp.o] Error 1
[0.699s] gmake[1]: *** [CMakeFiles/Makefile2:179: CMakeFiles/action_server.dir/all] Error 2
[0.699s] gmake[1]: *** Waiting for unfinished jobs....
[0.751s] [01m[K/workspaces/template_ws/workspace_1/ros2_template_pkg/src/fibonaaci_action_client_node.cpp:37:10:[m[K [01;31m[Kfatal error: [m[Kacfr_ros2_interfaces/action/fibonacci.hpp: No such file or directory
[0.751s]    37 | #include [01;31m[K"acfr_ros2_interfaces/action/fibonacci.hpp"[m[K
[0.751s]       |          [01;31m[K^~~~~~~~~~~~~~~~~~~~~~~~~~~~~~~~~~~~~~~~~~~[m[K
[0.751s] compilation terminated.
[0.753s] gmake[2]: *** [CMakeFiles/action_client.dir/build.make:76: CMakeFiles/action_client.dir/src/fibonaaci_action_client_node.cpp.o] Error 1
[0.753s] gmake[1]: *** [CMakeFiles/Makefile2:205: CMakeFiles/action_client.dir/all] Error 2
[0.833s] [01m[K/workspaces/template_ws/workspace_1/ros2_template_pkg/src/some_service_client_node.cpp:35:10:[m[K [01;31m[Kfatal error: [m[Kacfr_ros2_interfaces/srv/add_two_ints.hpp: No such file or directory
[0.833s]    35 | #include [01;31m[K"acfr_ros2_interfaces/srv/add_two_ints.hpp"[m[K
[0.833s]       |          [01;31m[K^~~~~~~~~~~~~~~~~~~~~~~~~~~~~~~~~~~~~~~~~~~[m[K
[0.833s] compilation terminated.
[0.836s] gmake[2]: *** [CMakeFiles/service_client.dir/build.make:76: CMakeFiles/service_client.dir/src/some_service_client_node.cpp.o] Error 1
[0.836s] gmake[1]: *** [CMakeFiles/Makefile2:257: CMakeFiles/service_client.dir/all] Error 2
[0.839s] [01m[K/workspaces/template_ws/workspace_1/ros2_template_pkg/src/some_service_server_node.cpp:32:10:[m[K [01;31m[Kfatal error: [m[Kacfr_ros2_interfaces/srv/add_two_ints.hpp: No such file or directory
[0.839s]    32 | #include [01;31m[K"acfr_ros2_interfaces/srv/add_two_ints.hpp"[m[K
[0.839s]       |          [01;31m[K^~~~~~~~~~~~~~~~~~~~~~~~~~~~~~~~~~~~~~~~~~~[m[K
[0.840s] compilation terminated.
[0.840s] [ 55%] [32m[1mLinking CXX executable ros2_template_node[0m
[0.841s] gmake[2]: *** [CMakeFiles/service_server.dir/build.make:76: CMakeFiles/service_server.dir/src/some_service_server_node.cpp.o] Error 1
[0.842s] gmake[1]: *** [CMakeFiles/Makefile2:231: CMakeFiles/service_server.dir/all] Error 2
[0.901s] [ 55%] Built target ros2_template_node
[3.011s] [ 61%] [32m[1mLinking CXX executable parameters[0m
[3.120s] [ 61%] Built target parameters
[3.998s] [ 66%] [32m[1mLinking CXX executable talker[0m
[4.065s] [ 72%] [32m[1mLinking CXX executable timer[0m
[4.183s] [ 72%] Built target talker
[4.230s] [ 72%] Built target timer
[6.602s] [ 77%] [32m[1mLinking CXX executable listener[0m
[6.820s] [ 77%] Built target listener
[6.821s] gmake: *** [Makefile:146: all] Error 2
[6.823s] Invoked command in '/workspaces/template_ws/workspace_1/build/ros2_template_pkg' returned '2': AMENT_PREFIX_PATH=/workspaces/template_ws/workspace_1/install/ros2_interfaces:${AMENT_PREFIX_PATH} CMAKE_PREFIX_PATH=/workspaces/template_ws/workspace_1/install/ros2_interfaces:/opt/ros/humble LD_LIBRARY_PATH=/workspaces/template_ws/workspace_1/install/ros2_interfaces/lib:${LD_LIBRARY_PATH} PYTHONPATH=/workspaces/template_ws/workspace_1/install/ros2_interfaces/local/lib/python3.10/dist-packages:${PYTHONPATH} /usr/bin/cmake --build /workspaces/template_ws/workspace_1/build/ros2_template_pkg -- -j16 -l16
